0 info it worked if it ends with ok
1 verbose cli [ '/usr/local/Cellar/node/5.5.0/bin/node',
1 verbose cli   '/usr/local/bin/npm',
1 verbose cli   'start' ]
2 info using npm@3.5.3
3 info using node@v5.5.0
4 verbose run-script [ 'prestart', 'start', 'poststart' ]
5 info lifecycle lindy-competition-app@0.1.0~prestart: lindy-competition-app@0.1.0
6 silly lifecycle lindy-competition-app@0.1.0~prestart: no script for prestart, continuing
7 info lifecycle lindy-competition-app@0.1.0~start: lindy-competition-app@0.1.0
8 verbose lifecycle lindy-competition-app@0.1.0~start: unsafe-perm in lifecycle true
9 verbose lifecycle lindy-competition-app@0.1.0~start: PATH: /usr/local/lib/node_modules/npm/bin/node-gyp-bin:/Users/valery/WebstormProjects/lindy-comp/node_modules/.bin:/usr/local/bin:/usr/bin:/bin:/usr/sbin:/sbin
10 verbose lifecycle lindy-competition-app@0.1.0~start: CWD: /Users/valery/WebstormProjects/lindy-comp
11 silly lifecycle lindy-competition-app@0.1.0~start: Args: [ '-c',
11 silly lifecycle   './node_modules/electron-prebuilt/dist/Electron.app/Contents/MacOS/Electron .' ]
12 info lifecycle lindy-competition-app@0.1.0~start: Failed to exec start script
13 verbose stack Error: lindy-competition-app@0.1.0 start: `./node_modules/electron-prebuilt/dist/Electron.app/Contents/MacOS/Electron .`
13 verbose stack spawn ENOENT
13 verbose stack     at ChildProcess.<anonymous> (/usr/local/lib/node_modules/npm/lib/utils/spawn.js:17:16)
13 verbose stack     at emitTwo (events.js:100:13)
13 verbose stack     at ChildProcess.emit (events.js:185:7)
13 verbose stack     at maybeClose (internal/child_process.js:821:16)
13 verbose stack     at Process.ChildProcess._handle.onexit (internal/child_process.js:211:5)
14 verbose pkgid lindy-competition-app@0.1.0
15 verbose cwd /Users/valery/WebstormProjects/lindy-comp
16 error Darwin 15.5.0
17 error argv "/usr/local/Cellar/node/5.5.0/bin/node" "/usr/local/bin/npm" "start"
18 error node v5.5.0
19 error npm  v3.5.3
20 error file sh
21 error code ELIFECYCLE
22 error errno ENOENT
23 error syscall spawn
24 error lindy-competition-app@0.1.0 start: `./node_modules/electron-prebuilt/dist/Electron.app/Contents/MacOS/Electron .`
24 error spawn ENOENT
25 error Failed at the lindy-competition-app@0.1.0 start script './node_modules/electron-prebuilt/dist/Electron.app/Contents/MacOS/Electron .'.
25 error Make sure you have the latest version of node.js and npm installed.
25 error If you do, this is most likely a problem with the lindy-competition-app package,
25 error not with npm itself.
25 error Tell the author that this fails on your system:
25 error     ./node_modules/electron-prebuilt/dist/Electron.app/Contents/MacOS/Electron .
25 error You can get information on how to open an issue for this project with:
25 error     npm bugs lindy-competition-app
25 error Or if that isn't available, you can get their info via:
25 error     npm owner ls lindy-competition-app
25 error There is likely additional logging output above.
26 verbose exit [ 1, true ]
